#
# There is insufficient memory for the Java Runtime Environment to continue.
# Native memory allocation (mmap) failed to map 264241152 bytes. Error detail: G1 virtual space
# Possible reasons:
#   The system is out of physical RAM or swap space
#   This process is running with CompressedOops enabled, and the Java Heap may be blocking the growth of the native heap
# Possible solutions:
#   Reduce memory load on the system
#   Increase physical memory or swap space
#   Check if swap backing store is full
#   Decrease Java heap size (-Xmx/-Xms)
#   Decrease number of Java threads
#   Decrease Java thread stack sizes (-Xss)
#   Set larger code cache with -XX:ReservedCodeCacheSize=
#   JVM is running with Zero Based Compressed Oops mode in which the Java heap is
#     placed in the first 32GB address space. The Java Heap base address is the
#     maximum limit for the native heap growth. Please use -XX:HeapBaseMinAddress
#     to set the Java Heap base and to place the Java Heap above 32GB virtual address.
# This output file may be truncated or incomplete.
#
#  Out of Memory Error (os_windows.cpp:3825), pid=5688, tid=13032
#
# JRE version:  (17.0.11+1) (build )
# Java VM: OpenJDK 64-Bit Server VM (17.0.11+1-b1207.24, mixed mode, sharing, tiered, compressed oops, compressed class ptrs, g1 gc, windows-amd64)
# No core dump will be written. Minidumps are not enabled by default on client versions of Windows
#

---------------  S U M M A R Y ------------

Command Line: git4idea.http.GitAskPassApp Username for 'https://github.com': 

Host: Intel(R) Pentium(R) Gold G7400T, 4 cores, 15G,  Windows 11 , 64 bit Build 22621 (10.0.22621.3672)
Time: Fri Aug  2 01:40:13 2024 Central European Daylight Time elapsed time: 0.009652 seconds (0d 0h 0m 0s)

---------------  T H R E A D  ---------------

Current thread (0x0000020eb450b090):  JavaThread "Unknown thread" [_thread_in_vm, id=13032, stack(0x000000fc52b00000,0x000000fc52c00000)]

Stack: [0x000000fc52b00000,0x000000fc52c00000]
Native frames: (J=compiled Java code, j=interpreted, Vv=VM code, C=native code)
V  [jvm.dll+0x6877f9]
V  [jvm.dll+0x8411aa]
V  [jvm.dll+0x842e2e]
V  [jvm.dll+0x843493]
V  [jvm.dll+0x249fdf]
V  [jvm.dll+0x6845c9]
V  [jvm.dll+0x678e7a]
V  [jvm.dll+0x30ab4b]
V  [jvm.dll+0x311ff6]
V  [jvm.dll+0x361a5e]
V  [jvm.dll+0x361c8f]
V  [jvm.dll+0x2e0978]
V  [jvm.dll+0x2e18e4]
V  [jvm.dll+0x811c71]
V  [jvm.dll+0x36f7c8]
V  [jvm.dll+0x7f05f6]
V  [jvm.dll+0x3f398f]
V  [jvm.dll+0x3f5541]
C  [jli.dll+0x528f]
C  [ucrtbase.dll+0x29333]
C  [KERNEL32.DLL+0x1257d]
C  [ntdll.dll+0x5af28]


---------------  P R O C E S S  ---------------

Threads class SMR info:
_java_thread_list=0x00007ff8476aefd8, length=0, elements={
}

Java Threads: ( => current thread )

Other Threads:
  0x0000020eb45766d0 GCTaskThread "GC Thread#0" [stack: 0x000000fc52c00000,0x000000fc52d00000] [id=5712]
  0x0000020eb4587160 ConcurrentGCThread "G1 Main Marker" [stack: 0x000000fc52d00000,0x000000fc52e00000] [id=12220]
  0x0000020eb4587b80 ConcurrentGCThread "G1 Conc#0" [stack: 0x000000fc52e00000,0x000000fc52f00000] [id=1436]

[error occurred during error reporting (printing all threads), id 0xc0000005, EXCEPTION_ACCESS_VIOLATION (0xc0000005) at pc=0x00007ff846e61547]

VM state: not at safepoint (not fully initialized)

VM Mutex/Monitor currently owned by a thread:  ([mutex/lock_event])
[0x0000020eb45070e0] Heap_lock - owner thread: 0x0000020eb450b090

Heap address: 0x0000000704c00000, size: 4020 MB, Compressed Oops mode: Zero based, Oop shift amount: 3

CDS archive(s) mapped at: [0x0000000000000000-0x0000000000000000-0x0000000000000000), size 0, SharedBaseAddress: 0x0000000800000000, ArchiveRelocationMode: 1.
Narrow klass base: 0x0000000000000000, Narrow klass shift: 0, Narrow klass range: 0x0

GC Precious Log:
<Empty>

Heap:
 garbage-first heap   total 0K, used 0K [0x0000000704c00000, 0x0000000800000000)
  region size 2048K, 0 young (0K), 0 survivors (0K)
 Metaspace       used 0K, committed 0K, reserved 0K
  class space    used 0K, committed 0K, reserved 0K

Heap Regions: E=young(eden), S=young(survivor), O=old, HS=humongous(starts), HC=humongous(continues), CS=collection set, F=free, OA=open archive, CA=closed archive, TAMS=top-at-mark-start (previous, next)

Card table byte_map: [0x0000020ec7470000,0x0000020ec7c50000] _byte_map_base: 0x0000020ec3c4a000

Marking Bits (Prev, Next): (CMBitMap*) 0x0000020eb4576cf0, (CMBitMap*) 0x0000020eb4576d30
 Prev Bits: [0x0000020ec8430000, 0x0000020ecc300000)
 Next Bits: [0x0000020ecc300000, 0x0000020ed01d0000)

GC Heap History (0 events):
No events

Dll operation events (1 events):
Event: 0.006 Loaded shared library C:\Program Files\JetBrains\WebStorm 2024.1.5\jbr\bin\java.dll

Deoptimization events (0 events):
No events

Classes unloaded (0 events):
No events

Classes redefined (0 events):
No events

Internal exceptions (0 events):
No events

VM Operations (0 events):
No events

Events (0 events):
No events


Dynamic libraries:
0x00007ff7ca240000 - 0x00007ff7ca24a000 	C:\Program Files\JetBrains\WebStorm 2024.1.5\jbr\bin\java.exe
0x00007ff8c89d0000 - 0x00007ff8c8be7000 	C:\Windows\SYSTEM32\ntdll.dll
0x00007ff8c69d0000 - 0x00007ff8c6a94000 	C:\Windows\System32\KERNEL32.DLL
0x00007ff8c6170000 - 0x00007ff8c651d000 	C:\Windows\System32\KERNELBASE.dll
0x00007ff8c6550000 - 0x00007ff8c6661000 	C:\Windows\System32\ucrtbase.dll
0x00007ff89c680000 - 0x00007ff89c697000 	C:\Program Files\JetBrains\WebStorm 2024.1.5\jbr\bin\jli.dll
0x00007ff8c87a0000 - 0x00007ff8c894e000 	C:\Windows\System32\USER32.dll
0x00007ff8b4b70000 - 0x00007ff8b4b8b000 	C:\Program Files\JetBrains\WebStorm 2024.1.5\jbr\bin\VCRUNTIME140.dll
0x00007ff8c6520000 - 0x00007ff8c6546000 	C:\Windows\System32\win32u.dll
0x00007ff8c8960000 - 0x00007ff8c8989000 	C:\Windows\System32\GDI32.dll
0x00007ff8c5d00000 - 0x00007ff8c5e19000 	C:\Windows\System32\gdi32full.dll
0x00007ff8c6670000 - 0x00007ff8c670a000 	C:\Windows\System32\msvcp_win.dll
0x00007ff89a160000 - 0x00007ff89a3f3000 	C:\Windows\WinSxS\amd64_microsoft.windows.common-controls_6595b64144ccf1df_6.0.22621.3672_none_2713b9d173822955\COMCTL32.dll
0x00007ff8c7830000 - 0x00007ff8c78d7000 	C:\Windows\System32\msvcrt.dll
0x00007ff8c8210000 - 0x00007ff8c8241000 	C:\Windows\System32\IMM32.DLL
0x00007ff8beb10000 - 0x00007ff8beb1c000 	C:\Program Files\JetBrains\WebStorm 2024.1.5\jbr\bin\vcruntime140_1.dll
0x00007ff89c530000 - 0x00007ff89c5bd000 	C:\Program Files\JetBrains\WebStorm 2024.1.5\jbr\bin\msvcp140.dll
0x00007ff846b70000 - 0x00007ff8477f3000 	C:\Program Files\JetBrains\WebStorm 2024.1.5\jbr\bin\server\jvm.dll
0x00007ff8c7c10000 - 0x00007ff8c7cc2000 	C:\Windows\System32\ADVAPI32.dll
0x00007ff8c7300000 - 0x00007ff8c73a9000 	C:\Windows\System32\sechost.dll
0x00007ff8c6140000 - 0x00007ff8c6168000 	C:\Windows\System32\bcrypt.dll
0x00007ff8c8250000 - 0x00007ff8c8364000 	C:\Windows\System32\RPCRT4.dll
0x00007ff8c4b50000 - 0x00007ff8c4b9d000 	C:\Windows\SYSTEM32\POWRPROF.dll
0x00007ff8bf490000 - 0x00007ff8bf4c4000 	C:\Windows\SYSTEM32\WINMM.dll
0x00007ff8bea50000 - 0x00007ff8bea5a000 	C:\Windows\SYSTEM32\VERSION.dll
0x00007ff8bdbe0000 - 0x00007ff8bdbe9000 	C:\Windows\SYSTEM32\WSOCK32.dll
0x00007ff8c78e0000 - 0x00007ff8c7951000 	C:\Windows\System32\WS2_32.dll
0x00007ff8c4b30000 - 0x00007ff8c4b43000 	C:\Windows\SYSTEM32\UMPDC.dll
0x00007ff8c4df0000 - 0x00007ff8c4e08000 	C:\Windows\SYSTEM32\kernel.appcore.dll
0x00007ff8bdae0000 - 0x00007ff8bdaea000 	C:\Program Files\JetBrains\WebStorm 2024.1.5\jbr\bin\jimage.dll
0x00007ff8c3560000 - 0x00007ff8c3792000 	C:\Windows\SYSTEM32\DBGHELP.DLL
0x00007ff8c7dc0000 - 0x00007ff8c8148000 	C:\Windows\System32\combase.dll
0x00007ff8c7cd0000 - 0x00007ff8c7da7000 	C:\Windows\System32\OLEAUT32.dll
0x00007ff8beb20000 - 0x00007ff8beb52000 	C:\Windows\SYSTEM32\dbgcore.DLL
0x00007ff8c5e20000 - 0x00007ff8c5e9b000 	C:\Windows\System32\bcryptPrimitives.dll
0x00007ff89e220000 - 0x00007ff89e245000 	C:\Program Files\JetBrains\WebStorm 2024.1.5\jbr\bin\java.dll

dbghelp: loaded successfully - version: 4.0.5 - missing functions: none
symbol engine: initialized successfully - sym options: 0x614 - pdb path: .;C:\Program Files\JetBrains\WebStorm 2024.1.5\jbr\bin;C:\Windows\SYSTEM32;C:\Windows\WinSxS\amd64_microsoft.windows.common-controls_6595b64144ccf1df_6.0.22621.3672_none_2713b9d173822955;C:\Program Files\JetBrains\WebStorm 2024.1.5\jbr\bin\server

VM Arguments:
java_command: git4idea.http.GitAskPassApp Username for 'https://github.com': 
java_class_path (initial): C:/Program Files/JetBrains/WebStorm 2024.1.5/plugins/vcs-git/lib/git4idea-rt.jar;C:/Program Files/JetBrains/WebStorm 2024.1.5/lib/externalProcess-rt.jar
Launcher Type: SUN_STANDARD

[Global flags]
     intx CICompilerCount                          = 3                                         {product} {ergonomic}
     uint ConcGCThreads                            = 1                                         {product} {ergonomic}
     uint G1ConcRefinementThreads                  = 4                                         {product} {ergonomic}
   size_t G1HeapRegionSize                         = 2097152                                   {product} {ergonomic}
    uintx GCDrainStackTargetSize                   = 64                                        {product} {ergonomic}
   size_t InitialHeapSize                          = 264241152                                 {product} {ergonomic}
   size_t MarkStackSize                            = 4194304                                   {product} {ergonomic}
   size_t MaxHeapSize                              = 4215275520                                {product} {ergonomic}
   size_t MinHeapDeltaBytes                        = 2097152                                   {product} {ergonomic}
   size_t MinHeapSize                              = 8388608                                   {product} {ergonomic}
    uintx NonNMethodCodeHeapSize                   = 5832780                                {pd product} {ergonomic}
    uintx NonProfiledCodeHeapSize                  = 122912730                              {pd product} {ergonomic}
    uintx ProfiledCodeHeapSize                     = 122912730                              {pd product} {ergonomic}
    uintx ReservedCodeCacheSize                    = 251658240                              {pd product} {ergonomic}
     bool SegmentedCodeCache                       = true                                      {product} {ergonomic}
   size_t SoftMaxHeapSize                          = 4215275520                             {manageable} {ergonomic}
     bool UseCompressedClassPointers               = true                           {product lp64_product} {ergonomic}
     bool UseCompressedOops                        = true                           {product lp64_product} {ergonomic}
     bool UseG1GC                                  = true                                      {product} {ergonomic}
     bool UseLargePagesIndividualAllocation        = false                                  {pd product} {ergonomic}

Logging:
Log output configuration:
 #0: stdout all=warning uptime,level,tags
 #1: stderr all=off uptime,level,tags

Environment Variables:
PATH=C:/Program Files/Git/mingw64/libexec/git-core;C:/Program Files/Git/mingw64/libexec/git-core;C:\Program Files\Git\mingw64\bin;C:\Program Files\Git\usr\bin;C:\Users\admin\bin;C:\Windows\system32;C:\Windows;C:\Windows\System32\Wbem;C:\Windows\System32\WindowsPowerShell\v1.0\;C:\Windows\System32\OpenSSH\;C:\Program Files\dotnet\;C:\Program Files\nodejs\;C:\Program Files\Git\cmd;C:\Users\admin\AppData\Local\Programs\Python\Launcher\;C:\Users\admin\AppData\Local\Microsoft\WindowsApps;C:\Users\admin\AppData\Local\Programs\Microsoft VS Code\bin;C:\Users\admin\AppData\Roaming\npm
USERNAME=admin
DISPLAY=:0.0
LC_ALL=en_US.UTF-8
TERM=xterm-256color
TMPDIR=C:\Users\admin\AppData\Local\Temp
OS=Windows_NT
PROCESSOR_IDENTIFIER=Intel64 Family 6 Model 151 Stepping 5, GenuineIntel
TMP=C:\Users\admin\AppData\Local\Temp
TEMP=C:\Users\admin\AppData\Local\Temp



Periodic native trim disabled

JNI global refs:
JNI global refs: 0, weak refs: 0

JNI global refs memory usage: 0, weak refs: 0

Process memory usage:
Resident Set Size: 11612K (0% of 16458456K total physical memory with 1005572K free physical memory)

OOME stack traces (most recent first):
Classloader memory used:


---------------  S Y S T E M  ---------------

OS:
 Windows 11 , 64 bit Build 22621 (10.0.22621.3672)
OS uptime: 1 days 21:13 hours
Hyper-V role detected

CPU: total 4 (initial active 4) (2 cores per cpu, 2 threads per core) family 6 model 151 stepping 5 microcode 0x2c, cx8, cmov, fxsr, ht, mmx, 3dnowpref, sse, sse2, sse3, ssse3, sse4.1, sse4.2, popcnt, lzcnt, tsc, tscinvbit, avx, avx2, aes, erms, clmul, bmi1, bmi2, adx, sha, fma, vzeroupper, clflush, clflushopt, clwb, hv
Processor Information for all 4 processors :
  Max Mhz: 3100, Current Mhz: 3100, Mhz Limit: 3100

Memory: 4k page, system-wide physical 16072M (981M free)
TotalPageFile size 16072M (AvailPageFile size 87M)
current process WorkingSet (physical memory assigned to process): 11M, peak: 11M
current process commit charge ("private bytes"): 52M, peak: 304M

vm_info: OpenJDK 64-Bit Server VM (17.0.11+1-b1207.24) for windows-amd64 JRE (17.0.11+1-b1207.24), built on 2024-05-15 by "builduser" with MS VC++ 16.10 / 16.11 (VS2019)

END.
